Arguments: 
  C:\Program Files\nodejs\node.exe C:\Program Files (x86)\Yarn\bin\yarn.js init

PATH: 
  C:\Users\ills3\AppData\Local\Programs\Git\mingw64\bin;C:\Users\ills3\AppData\Local\Programs\Git\usr\bin;C:\Users\ills3\bin;C:\Users\ills3\AppData\Local\Programs\Git\mingw64\bin;C:\Users\ills3\AppData\Local\Programs\Git\usr\bin;C:\Users\ills3\bin;C:\WINDOWS\system32;C:\WINDOWS;C:\WINDOWS\System32\Wbem;C:\WINDOWS\System32\WindowsPowerShell\v1.0;C:\WINDOWS\System32\OpenSSH;C:\Program Files\nodejs;C:\Program Files (x86)\Yarn\bin;C:\Users\ills3\AppData\Local\Microsoft\WindowsApps;C:\Users\ills3\AppData\Local\Programs\Microsoft VS Code\bin;C:\Users\ills3\AppData\Local\Programs\Git\cmd;C:\Users\ills3\AppData\Roaming\npm;C:\Users\ills3\AppData\Local\Yarn\bin

Yarn version: 
  1.12.3

Node version: 
  10.13.0

Platform: 
  win32 x64

Trace: 
  Error: canceled
      at Interface.<anonymous> (C:\Program Files (x86)\Yarn\lib\cli.js:125278:13)
      at Interface.emit (events.js:182:13)
      at Interface._ttyWrite (readline.js:783:16)
      at ReadStream.onkeypress (readline.js:168:10)
      at ReadStream.emit (events.js:182:13)
      at emitKeys (internal/readline.js:424:14)
      at emitKeys.next (<anonymous>)
      at ReadStream.onData (readline.js:1022:36)
      at ReadStream.emit (events.js:182:13)
      at addChunk (_stream_readable.js:283:12)

npm manifest: 
  No manifest

yarn manifest: 
  No manifest

Lockfile: 
  # THIS IS AN AUTOGENERATED FILE. DO NOT EDIT THIS FILE DIRECTLY.
  # yarn lockfile v1
